2015-11-06 09:14:11-[main][ERROR][ca.qc.collegeahuntsic.bibliotheque.Bibliotheque]-Le membre n'existe pas
2015-11-06 09:14:11-[main][ERROR][ca.qc.collegeahuntsic.bibliotheque.Bibliotheque]-Le livre n'existe pas
2015-11-06 09:14:11-[main][ERROR][ca.qc.collegeahuntsic.bibliotheque.Bibliotheque]-Le livre Life_&_Games_of_Mikhail_Tal est prêté au membre #1
2015-11-06 09:14:11-[main][ERROR][ca.qc.collegeahuntsic.bibliotheque.Bibliotheque]-Le livre 1 a été prêté.
2015-11-06 09:14:11-[main][ERROR][ca.qc.collegeahuntsic.bibliotheque.Bibliotheque]-Le membre 1 a atteint sa limite de prêt
2015-11-06 09:14:11-[main][ERROR][ca.qc.collegeahuntsic.bibliotheque.Bibliotheque]-Le livre 1 a été prêté.
2015-11-06 09:14:11-[main][ERROR][ca.qc.collegeahuntsic.bibliotheque.Bibliotheque]-Le livre n'existe pas.
2015-11-06 09:14:11-[main][ERROR][ca.qc.collegeahuntsic.bibliotheque.Bibliotheque]-Le membre n'existe pas
2015-11-06 09:14:11-[main][ERROR][ca.qc.collegeahuntsic.bibliotheque.Bibliotheque]-La réservation n'est pas la première de la liste pour ce livre; la première est 3
2015-11-06 09:14:11-[main][ERROR][ca.qc.collegeahuntsic.bibliotheque.Bibliotheque]-Limite de prêt du membre 2 atteinte
2015-11-19 13:26:11-[main][ERROR][ca.qc.collegeahuntsic.bibliotheque.Bibliotheque]- **** Le livre Life_&_Games_of_Mikhail_Tal (ID du livre: 1 ) a été réservé par le membre membre Gilles (ID du membre: 1 ).
2015-11-19 13:26:11-[main][ERROR][ca.qc.collegeahuntsic.bibliotheque.Bibliotheque]- **** ca.qc.collegeahuntsic.bibliotheque.exception.service.ServiceException: org.hibernate.QueryException: could not resolve property: idLivre of: ca.qc.collegeahuntsic.bibliotheque.dto.PretDTO
2015-11-19 13:26:11-[main][ERROR][ca.qc.collegeahuntsic.bibliotheque.Bibliotheque]- **** Le livre : 1 a déjà été réservé par le membre : 2
2015-11-19 13:26:11-[main][ERROR][ca.qc.collegeahuntsic.bibliotheque.Bibliotheque]- **** Le livre : 1 a déjà été réservé par le membre : 3
2015-11-19 13:26:11-[main][ERROR][ca.qc.collegeahuntsic.bibliotheque.Bibliotheque]- **** Limite de prêt du membre 2 atteinte
2015-11-19 13:26:11-[main][ERROR][ca.qc.collegeahuntsic.bibliotheque.Bibliotheque]- **** Le pret 2 n'existe pas
2015-11-19 13:26:11-[main][ERROR][ca.qc.collegeahuntsic.bibliotheque.Bibliotheque]- **** La reservation 2 n'existe pas
2015-11-19 13:26:11-[main][ERROR][ca.qc.collegeahuntsic.bibliotheque.Bibliotheque]- **** Le membre 999 n'existe pas
2015-11-19 13:26:11-[main][ERROR][ca.qc.collegeahuntsic.bibliotheque.Bibliotheque]- **** Le livre 999 n'existe pas
2015-11-19 13:26:11-[main][ERROR][ca.qc.collegeahuntsic.bibliotheque.Bibliotheque]- **** Le livre Life_&_Games_of_Mikhail_Tal (ID du livre: 1 ) a été réservé par le membre membre Gilles (ID du membre: 1 ).
2015-11-19 13:26:11-[main][ERROR][ca.qc.collegeahuntsic.bibliotheque.Bibliotheque]- **** Le livre Life_&_Games_of_Mikhail_Tal (ID de livre : 1) est réservé pour Antonio (ID de membre : 2)
2015-11-19 13:26:11-[main][ERROR][ca.qc.collegeahuntsic.bibliotheque.Bibliotheque]- **** Le livre Life_&_Games_of_Mikhail_Tal (ID du livre: 1 ) a été réservé par le membre membre Antonio (ID du membre: 2 ).
2015-11-19 13:26:11-[main][ERROR][ca.qc.collegeahuntsic.bibliotheque.Bibliotheque]- **** Le livre Game_of_Thrones_Tome_1 (ID du livre: 2 ) a été prêté au membre Gilles (ID du membre: 1 ).
2015-11-19 13:26:11-[main][ERROR][ca.qc.collegeahuntsic.bibliotheque.Bibliotheque]- **** Le livre : 1 a déjà été réservé par le membre : 2
2015-11-19 13:26:11-[main][ERROR][ca.qc.collegeahuntsic.bibliotheque.Bibliotheque]- **** Le livre : 1 a déjà été réservé par le membre : 3
2015-11-19 13:26:11-[main][ERROR][ca.qc.collegeahuntsic.bibliotheque.Bibliotheque]- **** Le livre Life_&_Games_of_Mikhail_Tal (ID du livre: 1 ) a été réservé par le membre membre Aïcha (ID du membre: 3 ).
2015-11-19 13:26:12-[main][ERROR][ca.qc.collegeahuntsic.bibliotheque.Bibliotheque]- **** Le livre 998 n'existe pas
2015-11-19 13:26:12-[main][ERROR][ca.qc.collegeahuntsic.bibliotheque.Bibliotheque]- **** Le livre Game_of_Thrones_Tome_1 (ID du livre: 2 ) a été prêté au membre Antonio (ID du membre: 2 ).
2015-11-19 13:26:12-[main][ERROR][ca.qc.collegeahuntsic.bibliotheque.Bibliotheque]- **** Le livre Dune (ID du livre: 3 ) a été prêté au membre Antonio (ID du membre: 2 ).
2015-11-19 13:26:12-[main][ERROR][ca.qc.collegeahuntsic.bibliotheque.Bibliotheque]- **** Le membre 998 n'existe pas
2015-11-19 13:26:12-[main][ERROR][ca.qc.collegeahuntsic.bibliotheque.Bibliotheque]- **** La reservation 4 n'existe pas
2015-11-19 13:26:12-[main][ERROR][ca.qc.collegeahuntsic.bibliotheque.Bibliotheque]- **** La réservation n'est pas la première de la liste pour ce livre; la première est 1
2015-11-19 13:30:19-[main][ERROR][ca.qc.collegeahuntsic.bibliotheque.Bibliotheque]- **** Le livre Life_&_Games_of_Mikhail_Tal (ID du livre: 1 ) a été réservé par le membre membre Gilles (ID du membre: 1 ).
2015-11-19 13:30:19-[main][ERROR][ca.qc.collegeahuntsic.bibliotheque.Bibliotheque]- **** ca.qc.collegeahuntsic.bibliotheque.exception.service.ServiceException: org.hibernate.QueryException: could not resolve property: idLivre of: ca.qc.collegeahuntsic.bibliotheque.dto.PretDTO
2015-11-19 13:30:19-[main][ERROR][ca.qc.collegeahuntsic.bibliotheque.Bibliotheque]- **** Le livre : 1 a déjà été réservé par le membre : 2
2015-11-19 13:30:19-[main][ERROR][ca.qc.collegeahuntsic.bibliotheque.Bibliotheque]- **** Le livre : 1 a déjà été réservé par le membre : 3
2015-11-19 13:30:19-[main][ERROR][ca.qc.collegeahuntsic.bibliotheque.Bibliotheque]- **** Limite de prêt du membre 2 atteinte
2015-11-19 13:30:19-[main][ERROR][ca.qc.collegeahuntsic.bibliotheque.Bibliotheque]- **** Le pret 2 n'existe pas
2015-11-19 13:30:19-[main][ERROR][ca.qc.collegeahuntsic.bibliotheque.Bibliotheque]- **** La reservation 2 n'existe pas
2015-11-19 13:30:19-[main][ERROR][ca.qc.collegeahuntsic.bibliotheque.Bibliotheque]- **** Le membre 999 n'existe pas
2015-11-19 13:30:19-[main][ERROR][ca.qc.collegeahuntsic.bibliotheque.Bibliotheque]- **** Le livre 999 n'existe pas
2015-11-19 13:30:19-[main][ERROR][ca.qc.collegeahuntsic.bibliotheque.Bibliotheque]- **** Le livre Life_&_Games_of_Mikhail_Tal (ID du livre: 1 ) a été réservé par le membre membre Gilles (ID du membre: 1 ).
2015-11-19 13:30:19-[main][ERROR][ca.qc.collegeahuntsic.bibliotheque.Bibliotheque]- **** Le livre Life_&_Games_of_Mikhail_Tal (ID de livre : 1) est réservé pour Antonio (ID de membre : 2)
2015-11-19 13:30:19-[main][ERROR][ca.qc.collegeahuntsic.bibliotheque.Bibliotheque]- **** Le livre Life_&_Games_of_Mikhail_Tal (ID du livre: 1 ) a été réservé par le membre membre Antonio (ID du membre: 2 ).
2015-11-19 13:30:19-[main][ERROR][ca.qc.collegeahuntsic.bibliotheque.Bibliotheque]- **** Le livre Game_of_Thrones_Tome_1 (ID du livre: 2 ) a été prêté au membre Gilles (ID du membre: 1 ).
2015-11-19 13:30:19-[main][ERROR][ca.qc.collegeahuntsic.bibliotheque.Bibliotheque]- **** Le livre : 1 a déjà été réservé par le membre : 2
2015-11-19 13:30:19-[main][ERROR][ca.qc.collegeahuntsic.bibliotheque.Bibliotheque]- **** Le livre : 1 a déjà été réservé par le membre : 3
2015-11-19 13:30:19-[main][ERROR][ca.qc.collegeahuntsic.bibliotheque.Bibliotheque]- **** Le livre Life_&_Games_of_Mikhail_Tal (ID du livre: 1 ) a été réservé par le membre membre Aïcha (ID du membre: 3 ).
2015-11-19 13:30:19-[main][ERROR][ca.qc.collegeahuntsic.bibliotheque.Bibliotheque]- **** Le livre 998 n'existe pas
2015-11-19 13:30:19-[main][ERROR][ca.qc.collegeahuntsic.bibliotheque.Bibliotheque]- **** Le livre Game_of_Thrones_Tome_1 (ID du livre: 2 ) a été prêté au membre Antonio (ID du membre: 2 ).
2015-11-19 13:30:19-[main][ERROR][ca.qc.collegeahuntsic.bibliotheque.Bibliotheque]- **** Le livre Dune (ID du livre: 3 ) a été prêté au membre Antonio (ID du membre: 2 ).
2015-11-19 13:30:19-[main][ERROR][ca.qc.collegeahuntsic.bibliotheque.Bibliotheque]- **** Le membre 998 n'existe pas
2015-11-19 13:30:19-[main][ERROR][ca.qc.collegeahuntsic.bibliotheque.Bibliotheque]- **** La reservation 4 n'existe pas
2015-11-19 13:30:19-[main][ERROR][ca.qc.collegeahuntsic.bibliotheque.Bibliotheque]- **** La réservation n'est pas la première de la liste pour ce livre; la première est 1
2015-11-19 13:41:35-[main][ERROR][org.hibernate.util.JDBCExceptionReporter]-Table 'bibliotheque.reservation' doesn't exist
2015-11-19 13:41:35-[main][ERROR][ca.qc.collegeahuntsic.bibliotheque.Bibliotheque]- **** could not initialize a collection: [ca.qc.collegeahuntsic.bibliotheque.dto.LivreDTO.reservations#1]
2015-11-19 13:41:35-[main][ERROR][ca.qc.collegeahuntsic.bibliotheque.Bibliotheque]- **** Le pret 1 n'existe pas
2015-11-19 13:41:35-[main][ERROR][ca.qc.collegeahuntsic.bibliotheque.Bibliotheque]- **** Le livre : 1 n'a pas été prêté encore. Faire un emprunt au lieu d'un réservation
2015-11-19 13:41:35-[main][ERROR][ca.qc.collegeahuntsic.bibliotheque.Bibliotheque]- **** Le livre : 1 n'a pas été prêté encore. Faire un emprunt au lieu d'un réservation
2015-11-19 13:41:35-[main][ERROR][ca.qc.collegeahuntsic.bibliotheque.Bibliotheque]- **** Le pret 1 n'existe pas
2015-11-19 13:41:35-[main][ERROR][org.hibernate.util.JDBCExceptionReporter]-Table 'bibliotheque.reservation' doesn't exist
2015-11-19 13:41:35-[main][ERROR][ca.qc.collegeahuntsic.bibliotheque.Bibliotheque]- **** ca.qc.collegeahuntsic.bibliotheque.exception.service.ServiceException: ca.qc.collegeahuntsic.bibliotheque.exception.dao.DAOException: org.hibernate.exception.SQLGrammarException: could not load an entity: [ca.qc.collegeahuntsic.bibliotheque.dto.ReservationDTO#1]
2015-11-19 13:41:35-[main][ERROR][ca.qc.collegeahuntsic.bibliotheque.Bibliotheque]- **** Le pret 2 n'existe pas
2015-11-19 13:41:36-[main][ERROR][org.hibernate.util.JDBCExceptionReporter]-Table 'bibliotheque.reservation' doesn't exist
2015-11-19 13:41:36-[main][ERROR][ca.qc.collegeahuntsic.bibliotheque.Bibliotheque]- **** ca.qc.collegeahuntsic.bibliotheque.exception.service.ServiceException: ca.qc.collegeahuntsic.bibliotheque.exception.dao.DAOException: org.hibernate.exception.SQLGrammarException: could not load an entity: [ca.qc.collegeahuntsic.bibliotheque.dto.ReservationDTO#2]
2015-11-19 13:41:36-[main][ERROR][ca.qc.collegeahuntsic.bibliotheque.Bibliotheque]- **** Le membre 999 n'existe pas
2015-11-19 13:41:36-[main][ERROR][ca.qc.collegeahuntsic.bibliotheque.Bibliotheque]- **** Le livre 999 n'existe pas
2015-11-19 13:41:36-[main][ERROR][org.hibernate.util.JDBCExceptionReporter]-Table 'bibliotheque.reservation' doesn't exist
2015-11-19 13:41:36-[main][ERROR][ca.qc.collegeahuntsic.bibliotheque.Bibliotheque]- **** could not initialize a collection: [ca.qc.collegeahuntsic.bibliotheque.dto.LivreDTO.reservations#1]
2015-11-19 13:41:36-[main][ERROR][org.hibernate.util.JDBCExceptionReporter]-Table 'bibliotheque.reservation' doesn't exist
2015-11-19 13:41:36-[main][ERROR][ca.qc.collegeahuntsic.bibliotheque.Bibliotheque]- **** could not initialize a collection: [ca.qc.collegeahuntsic.bibliotheque.dto.LivreDTO.reservations#1]
2015-11-19 13:41:36-[main][ERROR][org.hibernate.util.JDBCExceptionReporter]-Table 'bibliotheque.reservation' doesn't exist
2015-11-19 13:41:36-[main][ERROR][ca.qc.collegeahuntsic.bibliotheque.Bibliotheque]- **** could not initialize a collection: [ca.qc.collegeahuntsic.bibliotheque.dto.LivreDTO.reservations#1]
2015-11-19 13:41:36-[main][ERROR][org.hibernate.util.JDBCExceptionReporter]-Table 'bibliotheque.reservation' doesn't exist
2015-11-19 13:41:36-[main][ERROR][ca.qc.collegeahuntsic.bibliotheque.Bibliotheque]- **** could not initialize a collection: [ca.qc.collegeahuntsic.bibliotheque.dto.LivreDTO.reservations#2]
2015-11-19 13:41:36-[main][ERROR][ca.qc.collegeahuntsic.bibliotheque.Bibliotheque]- **** Le livre : 1 n'a pas été prêté encore. Faire un emprunt au lieu d'un réservation
2015-11-19 13:41:36-[main][ERROR][ca.qc.collegeahuntsic.bibliotheque.Bibliotheque]- **** Le livre : 1 n'a pas été prêté encore. Faire un emprunt au lieu d'un réservation
2015-11-19 13:41:36-[main][ERROR][ca.qc.collegeahuntsic.bibliotheque.Bibliotheque]- **** Le pret 1 n'existe pas
2015-11-19 13:41:36-[main][ERROR][org.hibernate.util.JDBCExceptionReporter]-Table 'bibliotheque.reservation' doesn't exist
2015-11-19 13:41:36-[main][ERROR][ca.qc.collegeahuntsic.bibliotheque.Bibliotheque]- **** could not initialize a collection: [ca.qc.collegeahuntsic.bibliotheque.dto.LivreDTO.reservations#1]
2015-11-19 13:41:36-[main][ERROR][ca.qc.collegeahuntsic.bibliotheque.Bibliotheque]- **** Le pret 3 n'existe pas
2015-11-19 13:41:36-[main][ERROR][ca.qc.collegeahuntsic.bibliotheque.Bibliotheque]- **** Le livre 998 n'existe pas
2015-11-19 13:41:36-[main][ERROR][org.hibernate.util.JDBCExceptionReporter]-Table 'bibliotheque.reservation' doesn't exist
2015-11-19 13:41:36-[main][ERROR][ca.qc.collegeahuntsic.bibliotheque.Bibliotheque]- **** could not initialize a collection: [ca.qc.collegeahuntsic.bibliotheque.dto.LivreDTO.reservations#2]
2015-11-19 13:41:36-[main][ERROR][org.hibernate.util.JDBCExceptionReporter]-Table 'bibliotheque.reservation' doesn't exist
2015-11-19 13:41:36-[main][ERROR][ca.qc.collegeahuntsic.bibliotheque.Bibliotheque]- **** could not initialize a collection: [ca.qc.collegeahuntsic.bibliotheque.dto.LivreDTO.reservations#3]
2015-11-19 13:41:36-[main][ERROR][ca.qc.collegeahuntsic.bibliotheque.Bibliotheque]- **** Le membre 998 n'existe pas
2015-11-19 13:41:36-[main][ERROR][org.hibernate.util.JDBCExceptionReporter]-Table 'bibliotheque.reservation' doesn't exist
2015-11-19 13:41:36-[main][ERROR][ca.qc.collegeahuntsic.bibliotheque.Bibliotheque]- **** ca.qc.collegeahuntsic.bibliotheque.exception.service.ServiceException: ca.qc.collegeahuntsic.bibliotheque.exception.dao.DAOException: org.hibernate.exception.SQLGrammarException: could not load an entity: [ca.qc.collegeahuntsic.bibliotheque.dto.ReservationDTO#4]
2015-11-19 13:41:36-[main][ERROR][org.hibernate.util.JDBCExceptionReporter]-Table 'bibliotheque.reservation' doesn't exist
2015-11-19 13:41:36-[main][ERROR][ca.qc.collegeahuntsic.bibliotheque.Bibliotheque]- **** ca.qc.collegeahuntsic.bibliotheque.exception.service.ServiceException: ca.qc.collegeahuntsic.bibliotheque.exception.dao.DAOException: org.hibernate.exception.SQLGrammarException: could not load an entity: [ca.qc.collegeahuntsic.bibliotheque.dto.ReservationDTO#3]
2015-11-19 13:45:49-[main][ERROR][org.hibernate.util.JDBCExceptionReporter]-Table 'bibliotheque.reservation' doesn't exist
2015-11-19 13:45:49-[main][ERROR][ca.qc.collegeahuntsic.bibliotheque.Bibliotheque]- **** could not initialize a collection: [ca.qc.collegeahuntsic.bibliotheque.dto.LivreDTO.reservations#1]
2015-11-19 13:45:49-[main][ERROR][ca.qc.collegeahuntsic.bibliotheque.Bibliotheque]- **** Le pret 1 n'existe pas
2015-11-19 13:45:49-[main][ERROR][ca.qc.collegeahuntsic.bibliotheque.Bibliotheque]- **** Le livre : 1 n'a pas été prêté encore. Faire un emprunt au lieu d'un réservation
2015-11-19 13:45:49-[main][ERROR][ca.qc.collegeahuntsic.bibliotheque.Bibliotheque]- **** Le livre : 1 n'a pas été prêté encore. Faire un emprunt au lieu d'un réservation
2015-11-19 13:45:49-[main][ERROR][ca.qc.collegeahuntsic.bibliotheque.Bibliotheque]- **** Le pret 1 n'existe pas
2015-11-19 13:45:49-[main][ERROR][org.hibernate.util.JDBCExceptionReporter]-Table 'bibliotheque.reservation' doesn't exist
2015-11-19 13:45:49-[main][ERROR][ca.qc.collegeahuntsic.bibliotheque.Bibliotheque]- **** ca.qc.collegeahuntsic.bibliotheque.exception.service.ServiceException: ca.qc.collegeahuntsic.bibliotheque.exception.dao.DAOException: org.hibernate.exception.SQLGrammarException: could not load an entity: [ca.qc.collegeahuntsic.bibliotheque.dto.ReservationDTO#1]
2015-11-19 13:45:49-[main][ERROR][ca.qc.collegeahuntsic.bibliotheque.Bibliotheque]- **** Le pret 2 n'existe pas
2015-11-19 13:45:49-[main][ERROR][org.hibernate.util.JDBCExceptionReporter]-Table 'bibliotheque.reservation' doesn't exist
2015-11-19 13:45:49-[main][ERROR][ca.qc.collegeahuntsic.bibliotheque.Bibliotheque]- **** ca.qc.collegeahuntsic.bibliotheque.exception.service.ServiceException: ca.qc.collegeahuntsic.bibliotheque.exception.dao.DAOException: org.hibernate.exception.SQLGrammarException: could not load an entity: [ca.qc.collegeahuntsic.bibliotheque.dto.ReservationDTO#2]
2015-11-19 13:45:49-[main][ERROR][ca.qc.collegeahuntsic.bibliotheque.Bibliotheque]- **** Le membre 999 n'existe pas
2015-11-19 13:45:49-[main][ERROR][ca.qc.collegeahuntsic.bibliotheque.Bibliotheque]- **** Le livre 999 n'existe pas
2015-11-19 13:45:49-[main][ERROR][org.hibernate.util.JDBCExceptionReporter]-Table 'bibliotheque.reservation' doesn't exist
2015-11-19 13:45:49-[main][ERROR][ca.qc.collegeahuntsic.bibliotheque.Bibliotheque]- **** could not initialize a collection: [ca.qc.collegeahuntsic.bibliotheque.dto.LivreDTO.reservations#1]
2015-11-19 13:45:49-[main][ERROR][org.hibernate.util.JDBCExceptionReporter]-Table 'bibliotheque.reservation' doesn't exist
2015-11-19 13:45:49-[main][ERROR][ca.qc.collegeahuntsic.bibliotheque.Bibliotheque]- **** could not initialize a collection: [ca.qc.collegeahuntsic.bibliotheque.dto.LivreDTO.reservations#1]
2015-11-19 13:45:49-[main][ERROR][org.hibernate.util.JDBCExceptionReporter]-Table 'bibliotheque.reservation' doesn't exist
2015-11-19 13:45:49-[main][ERROR][ca.qc.collegeahuntsic.bibliotheque.Bibliotheque]- **** could not initialize a collection: [ca.qc.collegeahuntsic.bibliotheque.dto.LivreDTO.reservations#1]
2015-11-19 13:45:49-[main][ERROR][org.hibernate.util.JDBCExceptionReporter]-Table 'bibliotheque.reservation' doesn't exist
2015-11-19 13:45:49-[main][ERROR][ca.qc.collegeahuntsic.bibliotheque.Bibliotheque]- **** could not initialize a collection: [ca.qc.collegeahuntsic.bibliotheque.dto.LivreDTO.reservations#2]
2015-11-19 13:45:49-[main][ERROR][ca.qc.collegeahuntsic.bibliotheque.Bibliotheque]- **** Le livre : 1 n'a pas été prêté encore. Faire un emprunt au lieu d'un réservation
2015-11-19 13:45:49-[main][ERROR][ca.qc.collegeahuntsic.bibliotheque.Bibliotheque]- **** Le livre : 1 n'a pas été prêté encore. Faire un emprunt au lieu d'un réservation
2015-11-19 13:45:49-[main][ERROR][ca.qc.collegeahuntsic.bibliotheque.Bibliotheque]- **** Le pret 1 n'existe pas
2015-11-19 13:45:49-[main][ERROR][org.hibernate.util.JDBCExceptionReporter]-Table 'bibliotheque.reservation' doesn't exist
2015-11-19 13:45:49-[main][ERROR][ca.qc.collegeahuntsic.bibliotheque.Bibliotheque]- **** could not initialize a collection: [ca.qc.collegeahuntsic.bibliotheque.dto.LivreDTO.reservations#1]
2015-11-19 13:45:49-[main][ERROR][ca.qc.collegeahuntsic.bibliotheque.Bibliotheque]- **** Le pret 3 n'existe pas
2015-11-19 13:45:49-[main][ERROR][ca.qc.collegeahuntsic.bibliotheque.Bibliotheque]- **** Le livre 998 n'existe pas
2015-11-19 13:45:49-[main][ERROR][org.hibernate.util.JDBCExceptionReporter]-Table 'bibliotheque.reservation' doesn't exist
2015-11-19 13:45:49-[main][ERROR][ca.qc.collegeahuntsic.bibliotheque.Bibliotheque]- **** could not initialize a collection: [ca.qc.collegeahuntsic.bibliotheque.dto.LivreDTO.reservations#2]
2015-11-19 13:45:49-[main][ERROR][org.hibernate.util.JDBCExceptionReporter]-Table 'bibliotheque.reservation' doesn't exist
2015-11-19 13:45:49-[main][ERROR][ca.qc.collegeahuntsic.bibliotheque.Bibliotheque]- **** could not initialize a collection: [ca.qc.collegeahuntsic.bibliotheque.dto.LivreDTO.reservations#3]
2015-11-19 13:45:49-[main][ERROR][ca.qc.collegeahuntsic.bibliotheque.Bibliotheque]- **** Le membre 998 n'existe pas
2015-11-19 13:45:49-[main][ERROR][org.hibernate.util.JDBCExceptionReporter]-Table 'bibliotheque.reservation' doesn't exist
2015-11-19 13:45:49-[main][ERROR][ca.qc.collegeahuntsic.bibliotheque.Bibliotheque]- **** ca.qc.collegeahuntsic.bibliotheque.exception.service.ServiceException: ca.qc.collegeahuntsic.bibliotheque.exception.dao.DAOException: org.hibernate.exception.SQLGrammarException: could not load an entity: [ca.qc.collegeahuntsic.bibliotheque.dto.ReservationDTO#4]
2015-11-19 13:45:49-[main][ERROR][org.hibernate.util.JDBCExceptionReporter]-Table 'bibliotheque.reservation' doesn't exist
2015-11-19 13:45:49-[main][ERROR][ca.qc.collegeahuntsic.bibliotheque.Bibliotheque]- **** ca.qc.collegeahuntsic.bibliotheque.exception.service.ServiceException: ca.qc.collegeahuntsic.bibliotheque.exception.dao.DAOException: org.hibernate.exception.SQLGrammarException: could not load an entity: [ca.qc.collegeahuntsic.bibliotheque.dto.ReservationDTO#3]
2015-11-19 14:12:01-[main][ERROR][org.hibernate.util.JDBCExceptionReporter]-Table 'bibliotheque.membre' doesn't exist
2015-11-19 14:12:01-[main][ERROR][ca.qc.collegeahuntsic.bibliotheque.Bibliotheque]- **** ca.qc.collegeahuntsic.bibliotheque.exception.service.ServiceException: ca.qc.collegeahuntsic.bibliotheque.exception.dao.DAOException: org.hibernate.exception.SQLGrammarException: could not insert: [ca.qc.collegeahuntsic.bibliotheque.dto.MembreDTO]
2015-11-19 14:12:01-[main][ERROR][org.hibernate.util.JDBCExceptionReporter]-Table 'bibliotheque.membre' doesn't exist
2015-11-19 14:12:01-[main][ERROR][ca.qc.collegeahuntsic.bibliotheque.Bibliotheque]- **** ca.qc.collegeahuntsic.bibliotheque.exception.service.ServiceException: ca.qc.collegeahuntsic.bibliotheque.exception.dao.DAOException: org.hibernate.exception.SQLGrammarException: could not insert: [ca.qc.collegeahuntsic.bibliotheque.dto.MembreDTO]
2015-11-19 14:12:01-[main][ERROR][org.hibernate.util.JDBCExceptionReporter]-Table 'bibliotheque.membre' doesn't exist
2015-11-19 14:12:01-[main][ERROR][ca.qc.collegeahuntsic.bibliotheque.Bibliotheque]- **** ca.qc.collegeahuntsic.bibliotheque.exception.service.ServiceException: ca.qc.collegeahuntsic.bibliotheque.exception.dao.DAOException: org.hibernate.exception.SQLGrammarException: could not insert: [ca.qc.collegeahuntsic.bibliotheque.dto.MembreDTO]
2015-11-19 14:12:01-[main][ERROR][org.hibernate.util.JDBCExceptionReporter]-Table 'bibliotheque.livre' doesn't exist
2015-11-19 14:12:01-[main][ERROR][ca.qc.collegeahuntsic.bibliotheque.Bibliotheque]- **** ca.qc.collegeahuntsic.bibliotheque.exception.service.ServiceException: ca.qc.collegeahuntsic.bibliotheque.exception.dao.DAOException: org.hibernate.exception.SQLGrammarException: could not insert: [ca.qc.collegeahuntsic.bibliotheque.dto.LivreDTO]
2015-11-19 14:12:01-[main][ERROR][org.hibernate.util.JDBCExceptionReporter]-Table 'bibliotheque.livre' doesn't exist
2015-11-19 14:12:01-[main][ERROR][ca.qc.collegeahuntsic.bibliotheque.Bibliotheque]- **** ca.qc.collegeahuntsic.bibliotheque.exception.service.ServiceException: ca.qc.collegeahuntsic.bibliotheque.exception.dao.DAOException: org.hibernate.exception.SQLGrammarException: could not insert: [ca.qc.collegeahuntsic.bibliotheque.dto.LivreDTO]
2015-11-19 14:12:01-[main][ERROR][org.hibernate.util.JDBCExceptionReporter]-Table 'bibliotheque.livre' doesn't exist
2015-11-19 14:12:01-[main][ERROR][ca.qc.collegeahuntsic.bibliotheque.Bibliotheque]- **** ca.qc.collegeahuntsic.bibliotheque.exception.service.ServiceException: ca.qc.collegeahuntsic.bibliotheque.exception.dao.DAOException: org.hibernate.exception.SQLGrammarException: could not insert: [ca.qc.collegeahuntsic.bibliotheque.dto.LivreDTO]
2015-11-19 14:12:01-[main][ERROR][org.hibernate.util.JDBCExceptionReporter]-Table 'bibliotheque.livre' doesn't exist
2015-11-19 14:12:01-[main][ERROR][ca.qc.collegeahuntsic.bibliotheque.Bibliotheque]- **** ca.qc.collegeahuntsic.bibliotheque.exception.service.ServiceException: ca.qc.collegeahuntsic.bibliotheque.exception.dao.DAOException: org.hibernate.exception.SQLGrammarException: could not load an entity: [ca.qc.collegeahuntsic.bibliotheque.dto.LivreDTO#1]
2015-11-19 14:12:01-[main][ERROR][org.hibernate.util.JDBCExceptionReporter]-Table 'bibliotheque.pret' doesn't exist
2015-11-19 14:12:01-[main][ERROR][ca.qc.collegeahuntsic.bibliotheque.Bibliotheque]- **** ca.qc.collegeahuntsic.bibliotheque.exception.service.ServiceException: org.hibernate.exception.SQLGrammarException: could not load an entity: [ca.qc.collegeahuntsic.bibliotheque.dto.PretDTO#1]
2015-11-19 14:12:01-[main][ERROR][org.hibernate.util.JDBCExceptionReporter]-Table 'bibliotheque.membre' doesn't exist
2015-11-19 14:12:01-[main][ERROR][ca.qc.collegeahuntsic.bibliotheque.Bibliotheque]- **** ca.qc.collegeahuntsic.bibliotheque.exception.service.ServiceException: ca.qc.collegeahuntsic.bibliotheque.exception.dao.DAOException: org.hibernate.exception.SQLGrammarException: could not load an entity: [ca.qc.collegeahuntsic.bibliotheque.dto.MembreDTO#2]
2015-11-19 14:12:01-[main][ERROR][org.hibernate.util.JDBCExceptionReporter]-Table 'bibliotheque.membre' doesn't exist
2015-11-19 14:12:01-[main][ERROR][ca.qc.collegeahuntsic.bibliotheque.Bibliotheque]- **** ca.qc.collegeahuntsic.bibliotheque.exception.service.ServiceException: ca.qc.collegeahuntsic.bibliotheque.exception.dao.DAOException: org.hibernate.exception.SQLGrammarException: could not load an entity: [ca.qc.collegeahuntsic.bibliotheque.dto.MembreDTO#3]
2015-11-19 14:12:01-[main][ERROR][org.hibernate.util.JDBCExceptionReporter]-Table 'bibliotheque.pret' doesn't exist
2015-11-19 14:12:01-[main][ERROR][ca.qc.collegeahuntsic.bibliotheque.Bibliotheque]- **** ca.qc.collegeahuntsic.bibliotheque.exception.service.ServiceException: org.hibernate.exception.SQLGrammarException: could not load an entity: [ca.qc.collegeahuntsic.bibliotheque.dto.PretDTO#1]
2015-11-19 14:12:02-[main][ERROR][org.hibernate.util.JDBCExceptionReporter]-Table 'bibliotheque.reservation' doesn't exist
2015-11-19 14:12:02-[main][ERROR][ca.qc.collegeahuntsic.bibliotheque.Bibliotheque]- **** ca.qc.collegeahuntsic.bibliotheque.exception.service.ServiceException: ca.qc.collegeahuntsic.bibliotheque.exception.dao.DAOException: org.hibernate.exception.SQLGrammarException: could not load an entity: [ca.qc.collegeahuntsic.bibliotheque.dto.ReservationDTO#1]
2015-11-19 14:12:02-[main][ERROR][org.hibernate.util.JDBCExceptionReporter]-Table 'bibliotheque.pret' doesn't exist
2015-11-19 14:12:02-[main][ERROR][ca.qc.collegeahuntsic.bibliotheque.Bibliotheque]- **** ca.qc.collegeahuntsic.bibliotheque.exception.service.ServiceException: org.hibernate.exception.SQLGrammarException: could not load an entity: [ca.qc.collegeahuntsic.bibliotheque.dto.PretDTO#2]
2015-11-19 14:12:02-[main][ERROR][org.hibernate.util.JDBCExceptionReporter]-Table 'bibliotheque.reservation' doesn't exist
2015-11-19 14:12:02-[main][ERROR][ca.qc.collegeahuntsic.bibliotheque.Bibliotheque]- **** ca.qc.collegeahuntsic.bibliotheque.exception.service.ServiceException: ca.qc.collegeahuntsic.bibliotheque.exception.dao.DAOException: org.hibernate.exception.SQLGrammarException: could not load an entity: [ca.qc.collegeahuntsic.bibliotheque.dto.ReservationDTO#2]
2015-11-19 14:12:02-[main][ERROR][org.hibernate.util.JDBCExceptionReporter]-Table 'bibliotheque.livre' doesn't exist
2015-11-19 14:12:02-[main][ERROR][ca.qc.collegeahuntsic.bibliotheque.Bibliotheque]- **** ca.qc.collegeahuntsic.bibliotheque.exception.service.ServiceException: ca.qc.collegeahuntsic.bibliotheque.exception.dao.DAOException: org.hibernate.exception.SQLGrammarException: could not load an entity: [ca.qc.collegeahuntsic.bibliotheque.dto.LivreDTO#1]
2015-11-19 14:12:02-[main][ERROR][org.hibernate.util.JDBCExceptionReporter]-Table 'bibliotheque.livre' doesn't exist
2015-11-19 14:12:02-[main][ERROR][ca.qc.collegeahuntsic.bibliotheque.Bibliotheque]- **** ca.qc.collegeahuntsic.bibliotheque.exception.service.ServiceException: ca.qc.collegeahuntsic.bibliotheque.exception.dao.DAOException: org.hibernate.exception.SQLGrammarException: could not load an entity: [ca.qc.collegeahuntsic.bibliotheque.dto.LivreDTO#999]
2015-11-19 14:12:02-[main][ERROR][org.hibernate.util.JDBCExceptionReporter]-Table 'bibliotheque.livre' doesn't exist
2015-11-19 14:12:02-[main][ERROR][ca.qc.collegeahuntsic.bibliotheque.Bibliotheque]- **** ca.qc.collegeahuntsic.bibliotheque.exception.service.ServiceException: ca.qc.collegeahuntsic.bibliotheque.exception.dao.DAOException: org.hibernate.exception.SQLGrammarException: could not load an entity: [ca.qc.collegeahuntsic.bibliotheque.dto.LivreDTO#1]
2015-11-19 14:12:02-[main][ERROR][org.hibernate.util.JDBCExceptionReporter]-Table 'bibliotheque.livre' doesn't exist
2015-11-19 14:12:02-[main][ERROR][ca.qc.collegeahuntsic.bibliotheque.Bibliotheque]- **** ca.qc.collegeahuntsic.bibliotheque.exception.service.ServiceException: ca.qc.collegeahuntsic.bibliotheque.exception.dao.DAOException: org.hibernate.exception.SQLGrammarException: could not load an entity: [ca.qc.collegeahuntsic.bibliotheque.dto.LivreDTO#1]
2015-11-19 14:12:02-[main][ERROR][org.hibernate.util.JDBCExceptionReporter]-Table 'bibliotheque.livre' doesn't exist
2015-11-19 14:12:02-[main][ERROR][ca.qc.collegeahuntsic.bibliotheque.Bibliotheque]- **** ca.qc.collegeahuntsic.bibliotheque.exception.service.ServiceException: ca.qc.collegeahuntsic.bibliotheque.exception.dao.DAOException: org.hibernate.exception.SQLGrammarException: could not load an entity: [ca.qc.collegeahuntsic.bibliotheque.dto.LivreDTO#1]
2015-11-19 14:12:02-[main][ERROR][org.hibernate.util.JDBCExceptionReporter]-Table 'bibliotheque.livre' doesn't exist
2015-11-19 14:12:02-[main][ERROR][ca.qc.collegeahuntsic.bibliotheque.Bibliotheque]- **** ca.qc.collegeahuntsic.bibliotheque.exception.service.ServiceException: ca.qc.collegeahuntsic.bibliotheque.exception.dao.DAOException: org.hibernate.exception.SQLGrammarException: could not load an entity: [ca.qc.collegeahuntsic.bibliotheque.dto.LivreDTO#2]
2015-11-19 14:12:02-[main][ERROR][org.hibernate.util.JDBCExceptionReporter]-Table 'bibliotheque.membre' doesn't exist
2015-11-19 14:12:02-[main][ERROR][ca.qc.collegeahuntsic.bibliotheque.Bibliotheque]- **** ca.qc.collegeahuntsic.bibliotheque.exception.service.ServiceException: ca.qc.collegeahuntsic.bibliotheque.exception.dao.DAOException: org.hibernate.exception.SQLGrammarException: could not load an entity: [ca.qc.collegeahuntsic.bibliotheque.dto.MembreDTO#2]
2015-11-19 14:12:02-[main][ERROR][org.hibernate.util.JDBCExceptionReporter]-Table 'bibliotheque.membre' doesn't exist
2015-11-19 14:12:02-[main][ERROR][ca.qc.collegeahuntsic.bibliotheque.Bibliotheque]- **** ca.qc.collegeahuntsic.bibliotheque.exception.service.ServiceException: ca.qc.collegeahuntsic.bibliotheque.exception.dao.DAOException: org.hibernate.exception.SQLGrammarException: could not load an entity: [ca.qc.collegeahuntsic.bibliotheque.dto.MembreDTO#3]
2015-11-19 14:12:02-[main][ERROR][org.hibernate.util.JDBCExceptionReporter]-Table 'bibliotheque.pret' doesn't exist
2015-11-19 14:12:02-[main][ERROR][ca.qc.collegeahuntsic.bibliotheque.Bibliotheque]- **** ca.qc.collegeahuntsic.bibliotheque.exception.service.ServiceException: org.hibernate.exception.SQLGrammarException: could not load an entity: [ca.qc.collegeahuntsic.bibliotheque.dto.PretDTO#1]
2015-11-19 14:12:02-[main][ERROR][org.hibernate.util.JDBCExceptionReporter]-Table 'bibliotheque.livre' doesn't exist
2015-11-19 14:12:02-[main][ERROR][ca.qc.collegeahuntsic.bibliotheque.Bibliotheque]- **** ca.qc.collegeahuntsic.bibliotheque.exception.service.ServiceException: ca.qc.collegeahuntsic.bibliotheque.exception.dao.DAOException: org.hibernate.exception.SQLGrammarException: could not load an entity: [ca.qc.collegeahuntsic.bibliotheque.dto.LivreDTO#1]
2015-11-19 14:12:02-[main][ERROR][org.hibernate.util.JDBCExceptionReporter]-Table 'bibliotheque.pret' doesn't exist
2015-11-19 14:12:02-[main][ERROR][ca.qc.collegeahuntsic.bibliotheque.Bibliotheque]- **** ca.qc.collegeahuntsic.bibliotheque.exception.service.ServiceException: org.hibernate.exception.SQLGrammarException: could not load an entity: [ca.qc.collegeahuntsic.bibliotheque.dto.PretDTO#3]
2015-11-19 14:12:02-[main][ERROR][org.hibernate.util.JDBCExceptionReporter]-Table 'bibliotheque.membre' doesn't exist
2015-11-19 14:12:02-[main][ERROR][ca.qc.collegeahuntsic.bibliotheque.Bibliotheque]- **** ca.qc.collegeahuntsic.bibliotheque.exception.service.ServiceException: ca.qc.collegeahuntsic.bibliotheque.exception.dao.DAOException: org.hibernate.exception.SQLGrammarException: could not load an entity: [ca.qc.collegeahuntsic.bibliotheque.dto.MembreDTO#2]
2015-11-19 14:12:02-[main][ERROR][org.hibernate.util.JDBCExceptionReporter]-Table 'bibliotheque.livre' doesn't exist
2015-11-19 14:12:02-[main][ERROR][ca.qc.collegeahuntsic.bibliotheque.Bibliotheque]- **** ca.qc.collegeahuntsic.bibliotheque.exception.service.ServiceException: ca.qc.collegeahuntsic.bibliotheque.exception.dao.DAOException: org.hibernate.exception.SQLGrammarException: could not load an entity: [ca.qc.collegeahuntsic.bibliotheque.dto.LivreDTO#2]
2015-11-19 14:12:02-[main][ERROR][org.hibernate.util.JDBCExceptionReporter]-Table 'bibliotheque.livre' doesn't exist
2015-11-19 14:12:02-[main][ERROR][ca.qc.collegeahuntsic.bibliotheque.Bibliotheque]- **** ca.qc.collegeahuntsic.bibliotheque.exception.service.ServiceException: ca.qc.collegeahuntsic.bibliotheque.exception.dao.DAOException: org.hibernate.exception.SQLGrammarException: could not load an entity: [ca.qc.collegeahuntsic.bibliotheque.dto.LivreDTO#3]
2015-11-19 14:12:02-[main][ERROR][org.hibernate.util.JDBCExceptionReporter]-Table 'bibliotheque.membre' doesn't exist
2015-11-19 14:12:02-[main][ERROR][ca.qc.collegeahuntsic.bibliotheque.Bibliotheque]- **** ca.qc.collegeahuntsic.bibliotheque.exception.service.ServiceException: ca.qc.collegeahuntsic.bibliotheque.exception.dao.DAOException: org.hibernate.exception.SQLGrammarException: could not load an entity: [ca.qc.collegeahuntsic.bibliotheque.dto.MembreDTO#998]
2015-11-19 14:12:02-[main][ERROR][org.hibernate.util.JDBCExceptionReporter]-Table 'bibliotheque.reservation' doesn't exist
2015-11-19 14:12:02-[main][ERROR][ca.qc.collegeahuntsic.bibliotheque.Bibliotheque]- **** ca.qc.collegeahuntsic.bibliotheque.exception.service.ServiceException: ca.qc.collegeahuntsic.bibliotheque.exception.dao.DAOException: org.hibernate.exception.SQLGrammarException: could not load an entity: [ca.qc.collegeahuntsic.bibliotheque.dto.ReservationDTO#4]
2015-11-19 14:12:02-[main][ERROR][org.hibernate.util.JDBCExceptionReporter]-Table 'bibliotheque.reservation' doesn't exist
2015-11-19 14:12:02-[main][ERROR][ca.qc.collegeahuntsic.bibliotheque.Bibliotheque]- **** ca.qc.collegeahuntsic.bibliotheque.exception.service.ServiceException: ca.qc.collegeahuntsic.bibliotheque.exception.dao.DAOException: org.hibernate.exception.SQLGrammarException: could not load an entity: [ca.qc.collegeahuntsic.bibliotheque.dto.ReservationDTO#3]
2015-11-19 14:14:02-[main][ERROR][ca.qc.collegeahuntsic.bibliotheque.Bibliotheque]- **** ca.qc.collegeahuntsic.bibliotheque.exception.service.ServiceException: org.hibernate.QueryException: could not resolve property: idLivre of: ca.qc.collegeahuntsic.bibliotheque.dto.PretDTO
2015-11-19 14:14:02-[main][ERROR][ca.qc.collegeahuntsic.bibliotheque.Bibliotheque]- **** org.hibernate.ObjectDeletedException: deleted object would be re-saved by cascade (remove deleted object from associations): [ca.qc.collegeahuntsic.bibliotheque.dto.ReservationDTO#1]
2015-11-19 14:14:02-[main][ERROR][ca.qc.collegeahuntsic.bibliotheque.Bibliotheque]- **** Le pret 2 n'existe pas
2015-11-19 14:14:02-[main][ERROR][ca.qc.collegeahuntsic.bibliotheque.Bibliotheque]- **** Le membre 999 n'existe pas
2015-11-19 14:14:02-[main][ERROR][ca.qc.collegeahuntsic.bibliotheque.Bibliotheque]- **** Le livre 999 n'existe pas
2015-11-19 14:14:02-[main][ERROR][ca.qc.collegeahuntsic.bibliotheque.Bibliotheque]- **** Le livre Life_&_Games_of_Mikhail_Tal (ID du livre: 1 ) a été réservé par le membre membre Gilles (ID du membre: 1 ).
2015-11-19 14:14:02-[main][ERROR][ca.qc.collegeahuntsic.bibliotheque.Bibliotheque]- **** Le livre Life_&_Games_of_Mikhail_Tal (ID de livre : 1) est réservé pour Antonio (ID de membre : 2)
2015-11-19 14:14:02-[main][ERROR][ca.qc.collegeahuntsic.bibliotheque.Bibliotheque]- **** Le livre Life_&_Games_of_Mikhail_Tal (ID du livre: 1 ) a été réservé par le membre membre Antonio (ID du membre: 2 ).
2015-11-19 14:14:02-[main][ERROR][ca.qc.collegeahuntsic.bibliotheque.Bibliotheque]- **** Le livre : 1 a déjà été réservé par le membre : 2
2015-11-19 14:14:03-[main][ERROR][ca.qc.collegeahuntsic.bibliotheque.Bibliotheque]- **** Le livre Life_&_Games_of_Mikhail_Tal (ID du livre: 1 ) a été réservé par le membre membre Aïcha (ID du membre: 3 ).
2015-11-19 14:14:03-[main][ERROR][ca.qc.collegeahuntsic.bibliotheque.Bibliotheque]- **** Le livre 998 n'existe pas
2015-11-19 14:14:03-[main][ERROR][ca.qc.collegeahuntsic.bibliotheque.Bibliotheque]- **** Le membre 998 n'existe pas
2015-11-19 14:14:03-[main][ERROR][ca.qc.collegeahuntsic.bibliotheque.Bibliotheque]- **** La reservation 4 n'existe pas
2015-11-19 14:14:03-[main][ERROR][ca.qc.collegeahuntsic.bibliotheque.Bibliotheque]- **** La réservation n'est pas la première de la liste pour ce livre; la première est 1
2015-11-19 14:27:23-[main][ERROR][ca.qc.collegeahuntsic.bibliotheque.Bibliotheque]- **** ca.qc.collegeahuntsic.bibliotheque.exception.service.ServiceException: org.hibernate.QueryException: could not resolve property: idLivre of: ca.qc.collegeahuntsic.bibliotheque.dto.PretDTO
2015-11-19 14:27:23-[main][ERROR][ca.qc.collegeahuntsic.bibliotheque.Bibliotheque]- **** ca.qc.collegeahuntsic.bibliotheque.exception.service.ServiceException: ca.qc.collegeahuntsic.bibliotheque.exception.dao.DAOException: org.hibernate.HibernateException: The database returned no natively generated identity value
2015-11-19 14:27:23-[main][ERROR][ca.qc.collegeahuntsic.bibliotheque.Bibliotheque]- **** ca.qc.collegeahuntsic.bibliotheque.exception.service.ServiceException: ca.qc.collegeahuntsic.bibliotheque.exception.dao.DAOException: org.hibernate.HibernateException: The database returned no natively generated identity value
2015-11-19 14:27:24-[main][ERROR][ca.qc.collegeahuntsic.bibliotheque.Bibliotheque]- **** La reservation 1 n'existe pas
2015-11-19 14:27:24-[main][ERROR][ca.qc.collegeahuntsic.bibliotheque.Bibliotheque]- **** Le pret 2 n'existe pas
2015-11-19 14:27:24-[main][ERROR][ca.qc.collegeahuntsic.bibliotheque.Bibliotheque]- **** La reservation 2 n'existe pas
2015-11-19 14:27:24-[main][ERROR][ca.qc.collegeahuntsic.bibliotheque.Bibliotheque]- **** Le membre 999 n'existe pas
2015-11-19 14:27:24-[main][ERROR][ca.qc.collegeahuntsic.bibliotheque.Bibliotheque]- **** Le livre 999 n'existe pas
2015-11-19 14:27:24-[main][ERROR][ca.qc.collegeahuntsic.bibliotheque.Bibliotheque]- **** Le livre Life_&_Games_of_Mikhail_Tal (ID de livre : 1) a été prêté à Gilles (ID de membre : 1)
2015-11-19 14:27:24-[main][ERROR][ca.qc.collegeahuntsic.bibliotheque.Bibliotheque]- **** Le livre Life_&_Games_of_Mikhail_Tal (ID du livre: 1 ) a été prêté au membre Antonio (ID du membre: 2 ).
2015-11-19 14:27:24-[main][ERROR][ca.qc.collegeahuntsic.bibliotheque.Bibliotheque]- **** ca.qc.collegeahuntsic.bibliotheque.exception.service.ServiceException: Le membre 1 a atteint sa limite de prêt
2015-11-19 14:27:24-[main][ERROR][ca.qc.collegeahuntsic.bibliotheque.Bibliotheque]- **** ca.qc.collegeahuntsic.bibliotheque.exception.service.ServiceException: ca.qc.collegeahuntsic.bibliotheque.exception.dao.DAOException: org.hibernate.HibernateException: The database returned no natively generated identity value
2015-11-19 14:27:24-[main][ERROR][ca.qc.collegeahuntsic.bibliotheque.Bibliotheque]- **** ca.qc.collegeahuntsic.bibliotheque.exception.service.ServiceException: ca.qc.collegeahuntsic.bibliotheque.exception.dao.DAOException: org.hibernate.HibernateException: The database returned no natively generated identity value
2015-11-19 14:27:24-[main][ERROR][ca.qc.collegeahuntsic.bibliotheque.Bibliotheque]- **** Le livre Life_&_Games_of_Mikhail_Tal (ID du livre: 1 ) a été prêté au membre Aïcha (ID du membre: 3 ).
2015-11-19 14:27:24-[main][ERROR][ca.qc.collegeahuntsic.bibliotheque.Bibliotheque]- **** Le pret 3 n'existe pas
2015-11-19 14:27:24-[main][ERROR][ca.qc.collegeahuntsic.bibliotheque.Bibliotheque]- **** Le livre 998 n'existe pas
2015-11-19 14:27:24-[main][ERROR][ca.qc.collegeahuntsic.bibliotheque.Bibliotheque]- **** Le membre 998 n'existe pas
2015-11-19 14:27:24-[main][ERROR][ca.qc.collegeahuntsic.bibliotheque.Bibliotheque]- **** La reservation 4 n'existe pas
2015-11-19 14:27:24-[main][ERROR][ca.qc.collegeahuntsic.bibliotheque.Bibliotheque]- **** La reservation 3 n'existe pas
2015-11-19 15:16:50-[main][ERROR][ca.qc.collegeahuntsic.bibliotheque.Bibliotheque]- **** Le livre Life_&_Games_of_Mikhail_Tal (ID du livre: 1 ) a été prêté au membre Gilles (ID du membre: 1 ).
2015-11-19 15:16:50-[main][ERROR][ca.qc.collegeahuntsic.bibliotheque.Bibliotheque]- **** ca.qc.collegeahuntsic.bibliotheque.exception.service.ServiceException: org.hibernate.QueryException: could not resolve property: idLivre of: ca.qc.collegeahuntsic.bibliotheque.dto.PretDTO
2015-11-19 15:16:50-[main][ERROR][ca.qc.collegeahuntsic.bibliotheque.Bibliotheque]- **** ca.qc.collegeahuntsic.bibliotheque.exception.service.ServiceException: ca.qc.collegeahuntsic.bibliotheque.exception.dao.DAOException: org.hibernate.HibernateException: The database returned no natively generated identity value
2015-11-19 15:16:50-[main][ERROR][ca.qc.collegeahuntsic.bibliotheque.Bibliotheque]- **** ca.qc.collegeahuntsic.bibliotheque.exception.service.ServiceException: ca.qc.collegeahuntsic.bibliotheque.exception.dao.DAOException: org.hibernate.HibernateException: The database returned no natively generated identity value
2015-11-19 15:16:50-[main][ERROR][ca.qc.collegeahuntsic.bibliotheque.Bibliotheque]- **** La reservation 1 n'existe pas
2015-11-19 15:16:50-[main][ERROR][ca.qc.collegeahuntsic.bibliotheque.Bibliotheque]- **** La reservation 2 n'existe pas
2015-11-19 15:16:50-[main][ERROR][ca.qc.collegeahuntsic.bibliotheque.Bibliotheque]- **** Le membre 999 n'existe pas
2015-11-19 15:16:50-[main][ERROR][ca.qc.collegeahuntsic.bibliotheque.Bibliotheque]- **** Le livre 999 n'existe pas
2015-11-19 15:16:51-[main][ERROR][ca.qc.collegeahuntsic.bibliotheque.Bibliotheque]- **** Le livre Life_&_Games_of_Mikhail_Tal (ID de livre : 1) a été prêté à Gilles (ID de membre : 1)
2015-11-19 15:16:51-[main][ERROR][ca.qc.collegeahuntsic.bibliotheque.Bibliotheque]- **** Le livre Life_&_Games_of_Mikhail_Tal (ID du livre: 1 ) a été prêté au membre Antonio (ID du membre: 2 ).
2015-11-19 15:16:51-[main][ERROR][ca.qc.collegeahuntsic.bibliotheque.Bibliotheque]- **** Le livre Game_of_Thrones_Tome_1 (ID du livre: 2 ) a été prêté au membre Gilles (ID du membre: 1 ).
2015-11-19 15:16:51-[main][ERROR][ca.qc.collegeahuntsic.bibliotheque.Bibliotheque]- **** ca.qc.collegeahuntsic.bibliotheque.exception.service.ServiceException: ca.qc.collegeahuntsic.bibliotheque.exception.dao.DAOException: org.hibernate.HibernateException: The database returned no natively generated identity value
2015-11-19 15:16:51-[main][ERROR][ca.qc.collegeahuntsic.bibliotheque.Bibliotheque]- **** ca.qc.collegeahuntsic.bibliotheque.exception.service.ServiceException: ca.qc.collegeahuntsic.bibliotheque.exception.dao.DAOException: org.hibernate.HibernateException: The database returned no natively generated identity value
2015-11-19 15:16:51-[main][ERROR][ca.qc.collegeahuntsic.bibliotheque.Bibliotheque]- **** Le livre Life_&_Games_of_Mikhail_Tal (ID du livre: 1 ) a été prêté au membre Aïcha (ID du membre: 3 ).
2015-11-19 15:16:51-[main][ERROR][ca.qc.collegeahuntsic.bibliotheque.Bibliotheque]- **** Le livre 998 n'existe pas
2015-11-19 15:16:51-[main][ERROR][ca.qc.collegeahuntsic.bibliotheque.Bibliotheque]- **** Le livre Dune (ID du livre: 3 ) a été prêté au membre Antonio (ID du membre: 2 ).
2015-11-19 15:16:51-[main][ERROR][ca.qc.collegeahuntsic.bibliotheque.Bibliotheque]- **** Le membre 998 n'existe pas
2015-11-19 15:16:51-[main][ERROR][ca.qc.collegeahuntsic.bibliotheque.Bibliotheque]- **** La reservation 4 n'existe pas
2015-11-19 15:16:51-[main][ERROR][ca.qc.collegeahuntsic.bibliotheque.Bibliotheque]- **** La reservation 3 n'existe pas
2015-11-25 11:06:28-[main][ERROR][ca.qc.collegeahuntsic.bibliotheque.Bibliotheque]- **** Le livre Life_&_Games_of_Mikhail_Tal (ID du livre: 1 ) a été réservé par le membre membre Gilles (ID du membre: 1 ).
2015-11-25 11:06:28-[main][ERROR][ca.qc.collegeahuntsic.bibliotheque.Bibliotheque]- **** ca.qc.collegeahuntsic.bibliotheque.exception.service.ServiceException: Le livre est déjà réservé
2015-11-25 11:06:28-[main][ERROR][ca.qc.collegeahuntsic.bibliotheque.Bibliotheque]- **** Le livre 1 est déjà prêté à ce membre
2015-11-25 11:06:28-[main][ERROR][ca.qc.collegeahuntsic.bibliotheque.Bibliotheque]- **** Le livre : 1 a déjà été réservé par le membre : 3
2015-11-25 11:06:28-[main][ERROR][ca.qc.collegeahuntsic.bibliotheque.Bibliotheque]- **** La reservation 1 n'existe pas
2015-11-25 11:06:28-[main][ERROR][ca.qc.collegeahuntsic.bibliotheque.Bibliotheque]- **** La reservation 2 n'existe pas
2015-11-25 11:06:28-[main][ERROR][ca.qc.collegeahuntsic.bibliotheque.Bibliotheque]- **** Le membre 999 n'existe pas
2015-11-25 11:06:28-[main][ERROR][ca.qc.collegeahuntsic.bibliotheque.Bibliotheque]- **** Le livre 999 n'existe pas
2015-11-25 11:06:28-[main][ERROR][ca.qc.collegeahuntsic.bibliotheque.Bibliotheque]- **** Le livre Life_&_Games_of_Mikhail_Tal (ID du livre: 1 ) a été réservé par le membre membre Gilles (ID du membre: 1 ).
2015-11-25 11:06:28-[main][ERROR][ca.qc.collegeahuntsic.bibliotheque.Bibliotheque]- **** Le livre Life_&_Games_of_Mikhail_Tal (ID de livre : 1) est réservé pour Antonio (ID de membre : 2)
2015-11-25 11:06:28-[main][ERROR][ca.qc.collegeahuntsic.bibliotheque.Bibliotheque]- **** Le livre Life_&_Games_of_Mikhail_Tal (ID du livre: 1 ) a été réservé par le membre membre Antonio (ID du membre: 2 ).
2015-11-25 11:06:28-[main][ERROR][ca.qc.collegeahuntsic.bibliotheque.Bibliotheque]- **** Le livre Game_of_Thrones_Tome_1 (ID du livre: 2 ) a été prêté au membre Gilles (ID du membre: 1 ).
2015-11-25 11:06:28-[main][ERROR][ca.qc.collegeahuntsic.bibliotheque.Bibliotheque]- **** Le livre 1 est déjà prêté à ce membre
2015-11-25 11:06:28-[main][ERROR][ca.qc.collegeahuntsic.bibliotheque.Bibliotheque]- **** Le livre : 1 a déjà été réservé par le membre : 3
2015-11-25 11:06:28-[main][ERROR][ca.qc.collegeahuntsic.bibliotheque.Bibliotheque]- **** Le livre Life_&_Games_of_Mikhail_Tal (ID du livre: 1 ) a été réservé par le membre membre Aïcha (ID du membre: 3 ).
2015-11-25 11:06:28-[main][ERROR][ca.qc.collegeahuntsic.bibliotheque.Bibliotheque]- **** Le livre 998 n'existe pas
2015-11-25 11:06:28-[main][ERROR][ca.qc.collegeahuntsic.bibliotheque.Bibliotheque]- **** Le livre Game_of_Thrones_Tome_1 (ID du livre: 2 ) a été prêté au membre Antonio (ID du membre: 2 ).
2015-11-25 11:06:28-[main][ERROR][ca.qc.collegeahuntsic.bibliotheque.Bibliotheque]- **** Le livre Dune (ID du livre: 3 ) a été prêté au membre Antonio (ID du membre: 2 ).
2015-11-25 11:06:28-[main][ERROR][ca.qc.collegeahuntsic.bibliotheque.Bibliotheque]- **** Le membre 998 n'existe pas
2015-11-25 11:06:28-[main][ERROR][ca.qc.collegeahuntsic.bibliotheque.Bibliotheque]- **** La réservation n'est pas la première de la liste pour ce livre; la première est 3
2015-11-25 11:06:28-[main][ERROR][org.hibernate.util.JDBCExceptionReporter]-Column 'idLivre' cannot be null
2015-11-25 11:06:28-[main][ERROR][org.hibernate.event.def.AbstractFlushingEventListener]-Could not synchronize database state with session
org.hibernate.exception.ConstraintViolationException: could not delete collection rows: [ca.qc.collegeahuntsic.bibliotheque.dto.LivreDTO.reservations#1]
	at org.hibernate.exception.SQLStateConverter.convert(SQLStateConverter.java:71)
	at org.hibernate.exception.JDBCExceptionHelper.convert(JDBCExceptionHelper.java:43)
	at org.hibernate.persister.collection.AbstractCollectionPersister.deleteRows(AbstractCollectionPersister.java:1292)
	at org.hibernate.action.CollectionUpdateAction.execute(CollectionUpdateAction.java:64)
	at org.hibernate.engine.ActionQueue.execute(ActionQueue.java:279)
	at org.hibernate.engine.ActionQueue.executeActions(ActionQueue.java:263)
	at org.hibernate.engine.ActionQueue.executeActions(ActionQueue.java:170)
	at org.hibernate.event.def.AbstractFlushingEventListener.performExecutions(AbstractFlushingEventListener.java:298)
	at org.hibernate.event.def.DefaultFlushEventListener.onFlush(DefaultFlushEventListener.java:27)
	at org.hibernate.impl.SessionImpl.flush(SessionImpl.java:1000)
	at org.hibernate.impl.SessionImpl.managedFlush(SessionImpl.java:338)
	at org.hibernate.transaction.JDBCTransaction.commit(JDBCTransaction.java:106)
	at ca.qc.collegeahuntsic.bibliotheque.util.BibliothequeCreateur.commitTransaction(BibliothequeCreateur.java:128)
	at ca.qc.collegeahuntsic.bibliotheque.Bibliotheque.executerTransaction(Bibliotheque.java:349)
	at ca.qc.collegeahuntsic.bibliotheque.Bibliotheque.traiterTransactions(Bibliotheque.java:99)
	at ca.qc.collegeahuntsic.bibliotheque.Bibliotheque.main(Bibliotheque.java:72)
Caused by: com.mysql.jdbc.exceptions.jdbc4.MySQLIntegrityConstraintViolationException: Column 'idLivre' cannot be null
	at sun.reflect.NativeConstructorAccessorImpl.newInstance0(Native Method)
	at sun.reflect.NativeConstructorAccessorImpl.newInstance(NativeConstructorAccessorImpl.java:62)
	at sun.reflect.DelegatingConstructorAccessorImpl.newInstance(DelegatingConstructorAccessorImpl.java:45)
	at java.lang.reflect.Constructor.newInstance(Constructor.java:422)
	at com.mysql.jdbc.Util.handleNewInstance(Util.java:389)
	at com.mysql.jdbc.Util.getInstance(Util.java:372)
	at com.mysql.jdbc.SQLError.createSQLException(SQLError.java:973)
	at com.mysql.jdbc.MysqlIO.checkErrorPacket(MysqlIO.java:3835)
	at com.mysql.jdbc.MysqlIO.checkErrorPacket(MysqlIO.java:3771)
	at com.mysql.jdbc.MysqlIO.sendCommand(MysqlIO.java:2435)
	at com.mysql.jdbc.MysqlIO.sqlQueryDirect(MysqlIO.java:2582)
	at com.mysql.jdbc.ConnectionImpl.execSQL(ConnectionImpl.java:2535)
	at com.mysql.jdbc.PreparedStatement.executeInternal(PreparedStatement.java:1911)
	at com.mysql.jdbc.PreparedStatement.executeUpdate(PreparedStatement.java:2145)
	at com.mysql.jdbc.PreparedStatement.executeUpdate(PreparedStatement.java:2081)
	at com.mysql.jdbc.PreparedStatement.executeUpdate(PreparedStatement.java:2066)
	at com.mchange.v2.c3p0.impl.NewProxyPreparedStatement.executeUpdate(NewProxyPreparedStatement.java:105)
	at org.hibernate.jdbc.NonBatchingBatcher.addToBatch(NonBatchingBatcher.java:23)
	at org.hibernate.persister.collection.AbstractCollectionPersister.deleteRows(AbstractCollectionPersister.java:1261)
	... 13 more
2015-11-25 11:06:28-[main][ERROR][ca.qc.collegeahuntsic.bibliotheque.Bibliotheque]- **** org.hibernate.exception.ConstraintViolationException: could not delete collection rows: [ca.qc.collegeahuntsic.bibliotheque.dto.LivreDTO.reservations#1]
2015-11-25 11:18:12-[main][ERROR][ca.qc.collegeahuntsic.bibliotheque.Bibliotheque]- **** Le livre Life_&_Games_of_Mikhail_Tal (ID du livre: 1 ) a été réservé par le membre membre Gilles (ID du membre: 1 ).
2015-11-25 11:18:12-[main][ERROR][ca.qc.collegeahuntsic.bibliotheque.Bibliotheque]- **** ca.qc.collegeahuntsic.bibliotheque.exception.service.ServiceException: Le livre est déjà réservé
2015-11-25 11:18:12-[main][ERROR][ca.qc.collegeahuntsic.bibliotheque.Bibliotheque]- **** Le livre 1 est déjà prêté à ce membre
2015-11-25 11:18:12-[main][ERROR][ca.qc.collegeahuntsic.bibliotheque.Bibliotheque]- **** Le livre : 1 a déjà été réservé par le membre : 3
2015-11-25 11:18:12-[main][ERROR][ca.qc.collegeahuntsic.bibliotheque.Bibliotheque]- **** La reservation 1 n'existe pas
2015-11-25 11:18:12-[main][ERROR][ca.qc.collegeahuntsic.bibliotheque.Bibliotheque]- **** La reservation 2 n'existe pas
2015-11-25 11:18:12-[main][ERROR][ca.qc.collegeahuntsic.bibliotheque.Bibliotheque]- **** Le membre 999 n'existe pas
2015-11-25 11:18:12-[main][ERROR][ca.qc.collegeahuntsic.bibliotheque.Bibliotheque]- **** Le livre 999 n'existe pas
2015-11-25 11:18:12-[main][ERROR][ca.qc.collegeahuntsic.bibliotheque.Bibliotheque]- **** Le livre Life_&_Games_of_Mikhail_Tal (ID du livre: 1 ) a été réservé par le membre membre Gilles (ID du membre: 1 ).
2015-11-25 11:18:12-[main][ERROR][ca.qc.collegeahuntsic.bibliotheque.Bibliotheque]- **** Le livre Life_&_Games_of_Mikhail_Tal (ID de livre : 1) est réservé pour Antonio (ID de membre : 2)
2015-11-25 11:18:12-[main][ERROR][ca.qc.collegeahuntsic.bibliotheque.Bibliotheque]- **** Le livre Life_&_Games_of_Mikhail_Tal (ID du livre: 1 ) a été réservé par le membre membre Antonio (ID du membre: 2 ).
2015-11-25 11:18:12-[main][ERROR][ca.qc.collegeahuntsic.bibliotheque.Bibliotheque]- **** Le livre Game_of_Thrones_Tome_1 (ID du livre: 2 ) a été prêté au membre Gilles (ID du membre: 1 ).
2015-11-25 11:18:12-[main][ERROR][ca.qc.collegeahuntsic.bibliotheque.Bibliotheque]- **** Le livre 1 est déjà prêté à ce membre
2015-11-25 11:18:12-[main][ERROR][ca.qc.collegeahuntsic.bibliotheque.Bibliotheque]- **** Le livre : 1 a déjà été réservé par le membre : 3
2015-11-25 11:18:12-[main][ERROR][ca.qc.collegeahuntsic.bibliotheque.Bibliotheque]- **** Le livre Life_&_Games_of_Mikhail_Tal (ID du livre: 1 ) a été réservé par le membre membre Aïcha (ID du membre: 3 ).
2015-11-25 11:18:12-[main][ERROR][ca.qc.collegeahuntsic.bibliotheque.Bibliotheque]- **** Le livre 998 n'existe pas
2015-11-25 11:18:12-[main][ERROR][ca.qc.collegeahuntsic.bibliotheque.Bibliotheque]- **** Le livre Game_of_Thrones_Tome_1 (ID du livre: 2 ) a été prêté au membre Antonio (ID du membre: 2 ).
2015-11-25 11:18:12-[main][ERROR][ca.qc.collegeahuntsic.bibliotheque.Bibliotheque]- **** Le livre Dune (ID du livre: 3 ) a été prêté au membre Antonio (ID du membre: 2 ).
2015-11-25 11:18:12-[main][ERROR][ca.qc.collegeahuntsic.bibliotheque.Bibliotheque]- **** Le membre 998 n'existe pas
2015-11-25 11:18:12-[main][ERROR][ca.qc.collegeahuntsic.bibliotheque.Bibliotheque]- **** La réservation n'est pas la première de la liste pour ce livre; la première est 3
2015-11-25 11:18:12-[main][ERROR][org.hibernate.util.JDBCExceptionReporter]-Column 'idLivre' cannot be null
2015-11-25 11:18:12-[main][ERROR][org.hibernate.event.def.AbstractFlushingEventListener]-Could not synchronize database state with session
org.hibernate.exception.ConstraintViolationException: could not delete collection rows: [ca.qc.collegeahuntsic.bibliotheque.dto.LivreDTO.reservations#1]
	at org.hibernate.exception.SQLStateConverter.convert(SQLStateConverter.java:71)
	at org.hibernate.exception.JDBCExceptionHelper.convert(JDBCExceptionHelper.java:43)
	at org.hibernate.persister.collection.AbstractCollectionPersister.deleteRows(AbstractCollectionPersister.java:1292)
	at org.hibernate.action.CollectionUpdateAction.execute(CollectionUpdateAction.java:64)
	at org.hibernate.engine.ActionQueue.execute(ActionQueue.java:279)
	at org.hibernate.engine.ActionQueue.executeActions(ActionQueue.java:263)
	at org.hibernate.engine.ActionQueue.executeActions(ActionQueue.java:170)
	at org.hibernate.event.def.AbstractFlushingEventListener.performExecutions(AbstractFlushingEventListener.java:298)
	at org.hibernate.event.def.DefaultFlushEventListener.onFlush(DefaultFlushEventListener.java:27)
	at org.hibernate.impl.SessionImpl.flush(SessionImpl.java:1000)
	at org.hibernate.impl.SessionImpl.managedFlush(SessionImpl.java:338)
	at org.hibernate.transaction.JDBCTransaction.commit(JDBCTransaction.java:106)
	at ca.qc.collegeahuntsic.bibliotheque.util.BibliothequeCreateur.commitTransaction(BibliothequeCreateur.java:128)
	at ca.qc.collegeahuntsic.bibliotheque.Bibliotheque.executerTransaction(Bibliotheque.java:349)
	at ca.qc.collegeahuntsic.bibliotheque.Bibliotheque.traiterTransactions(Bibliotheque.java:99)
	at ca.qc.collegeahuntsic.bibliotheque.Bibliotheque.main(Bibliotheque.java:72)
Caused by: com.mysql.jdbc.exceptions.jdbc4.MySQLIntegrityConstraintViolationException: Column 'idLivre' cannot be null
	at sun.reflect.NativeConstructorAccessorImpl.newInstance0(Native Method)
	at sun.reflect.NativeConstructorAccessorImpl.newInstance(NativeConstructorAccessorImpl.java:62)
	at sun.reflect.DelegatingConstructorAccessorImpl.newInstance(DelegatingConstructorAccessorImpl.java:45)
	at java.lang.reflect.Constructor.newInstance(Constructor.java:422)
	at com.mysql.jdbc.Util.handleNewInstance(Util.java:389)
	at com.mysql.jdbc.Util.getInstance(Util.java:372)
	at com.mysql.jdbc.SQLError.createSQLException(SQLError.java:973)
	at com.mysql.jdbc.MysqlIO.checkErrorPacket(MysqlIO.java:3835)
	at com.mysql.jdbc.MysqlIO.checkErrorPacket(MysqlIO.java:3771)
	at com.mysql.jdbc.MysqlIO.sendCommand(MysqlIO.java:2435)
	at com.mysql.jdbc.MysqlIO.sqlQueryDirect(MysqlIO.java:2582)
	at com.mysql.jdbc.ConnectionImpl.execSQL(ConnectionImpl.java:2535)
	at com.mysql.jdbc.PreparedStatement.executeInternal(PreparedStatement.java:1911)
	at com.mysql.jdbc.PreparedStatement.executeUpdate(PreparedStatement.java:2145)
	at com.mysql.jdbc.PreparedStatement.executeUpdate(PreparedStatement.java:2081)
	at com.mysql.jdbc.PreparedStatement.executeUpdate(PreparedStatement.java:2066)
	at com.mchange.v2.c3p0.impl.NewProxyPreparedStatement.executeUpdate(NewProxyPreparedStatement.java:105)
	at org.hibernate.jdbc.NonBatchingBatcher.addToBatch(NonBatchingBatcher.java:23)
	at org.hibernate.persister.collection.AbstractCollectionPersister.deleteRows(AbstractCollectionPersister.java:1261)
	... 13 more
2015-11-25 11:18:12-[main][ERROR][ca.qc.collegeahuntsic.bibliotheque.Bibliotheque]- **** org.hibernate.exception.ConstraintViolationException: could not delete collection rows: [ca.qc.collegeahuntsic.bibliotheque.dto.LivreDTO.reservations#1]
2015-11-25 11:20:05-[main][ERROR][ca.qc.collegeahuntsic.bibliotheque.Bibliotheque]- **** Le membre 999 n'existe pas
2015-11-25 11:20:05-[main][ERROR][ca.qc.collegeahuntsic.bibliotheque.Bibliotheque]- **** Le livre 999 n'existe pas
2015-11-25 11:20:05-[main][ERROR][ca.qc.collegeahuntsic.bibliotheque.Bibliotheque]- **** Le livre Life_&_Games_of_Mikhail_Tal (ID de livre : 1) a été prêté à Gilles (ID de membre : 1)
2015-11-25 11:20:05-[main][ERROR][ca.qc.collegeahuntsic.bibliotheque.Bibliotheque]- **** Le livre Life_&_Games_of_Mikhail_Tal (ID du livre: 1 ) a été prêté au membre Antonio (ID du membre: 2 ).
2015-11-25 11:20:05-[main][ERROR][ca.qc.collegeahuntsic.bibliotheque.Bibliotheque]- **** ca.qc.collegeahuntsic.bibliotheque.exception.service.ServiceException: Le membre 1 a atteint sa limite de prêt
2015-11-25 11:20:05-[main][ERROR][ca.qc.collegeahuntsic.bibliotheque.Bibliotheque]- **** Le livre 1 est déjà prêté à ce membre
2015-11-25 11:20:05-[main][ERROR][ca.qc.collegeahuntsic.bibliotheque.Bibliotheque]- **** Le livre Life_&_Games_of_Mikhail_Tal (ID du livre: 1 ) a été prêté au membre Aïcha (ID du membre: 3 ).
2015-11-25 11:20:05-[main][ERROR][ca.qc.collegeahuntsic.bibliotheque.Bibliotheque]- **** Le livre 998 n'existe pas
2015-11-25 11:20:05-[main][ERROR][ca.qc.collegeahuntsic.bibliotheque.Bibliotheque]- **** Le membre 998 n'existe pas
2015-11-25 11:20:05-[main][ERROR][ca.qc.collegeahuntsic.bibliotheque.Bibliotheque]- **** La reservation 4 n'existe pas
2015-11-25 11:25:20-[main][ERROR][ca.qc.collegeahuntsic.bibliotheque.Bibliotheque]- **** Le membre 999 n'existe pas
2015-11-25 11:25:20-[main][ERROR][ca.qc.collegeahuntsic.bibliotheque.Bibliotheque]- **** Le livre 999 n'existe pas
2015-11-25 11:25:20-[main][ERROR][ca.qc.collegeahuntsic.bibliotheque.Bibliotheque]- **** Le livre Life_&_Games_of_Mikhail_Tal (ID de livre : 1) a été prêté à Gilles (ID de membre : 1)
2015-11-25 11:25:20-[main][ERROR][ca.qc.collegeahuntsic.bibliotheque.Bibliotheque]- **** Le livre Life_&_Games_of_Mikhail_Tal (ID du livre: 1 ) a été prêté au membre Antonio (ID du membre: 2 ).
2015-11-25 11:25:20-[main][ERROR][ca.qc.collegeahuntsic.bibliotheque.Bibliotheque]- **** ca.qc.collegeahuntsic.bibliotheque.exception.service.ServiceException: Le membre 1 a atteint sa limite de prêt
2015-11-25 11:25:20-[main][ERROR][ca.qc.collegeahuntsic.bibliotheque.Bibliotheque]- **** Le livre 1 est déjà prêté à ce membre
2015-11-25 11:25:20-[main][ERROR][ca.qc.collegeahuntsic.bibliotheque.Bibliotheque]- **** Le livre Life_&_Games_of_Mikhail_Tal (ID du livre: 1 ) a été prêté au membre Aïcha (ID du membre: 3 ).
2015-11-25 11:25:20-[main][ERROR][ca.qc.collegeahuntsic.bibliotheque.Bibliotheque]- **** Le livre 998 n'existe pas
2015-11-25 11:25:20-[main][ERROR][ca.qc.collegeahuntsic.bibliotheque.Bibliotheque]- **** Le membre 998 n'existe pas
2015-11-25 11:25:20-[main][ERROR][ca.qc.collegeahuntsic.bibliotheque.Bibliotheque]- **** La reservation 4 n'existe pas
